# JRE version: OpenJDK Runtime Environment (8.0_212) (build 1.8.0_212-release-1586-b4-5784211)
# Java VM: OpenJDK 64-Bit Server VM (25.212-b4-5784211 mixed mode bsd-amd64 compressed oops)
Heap:
 PSYoungGen      total 418816K, used 334033K [0x00000007a0000000, 0x00000007bfd00000, 0x00000007c0000000)
  eden space 316928K, 100% used [0x00000007a0000000,0x00000007b3580000,0x00000007b3580000)
  from space 101888K, 16% used [0x00000007b3580000,0x00000007b4634588,0x00000007b9900000)
  to   space 98816K, 18% used [0x00000007b9c80000,0x00000007bae373a8,0x00000007bfd00000)
 ParOldGen       total 344576K, used 108135K [0x0000000760000000, 0x0000000775080000, 0x00000007a0000000)
  object space 344576K, 31% used [0x0000000760000000,0x0000000766999ee8,0x0000000775080000)
 Metaspace       used 130944K, capacity 137792K, committed 137984K, reserved 1169408K
  class space    used 16855K, capacity 18273K, committed 18432K, reserved 1048576K
GC Heap History (10 events):
Event: 397.742 GC heap after
Heap after GC invocations=30 (full 4):
 PSYoungGen      total 370688K, used 56301K [0x00000007a0000000, 0x00000007c0000000, 0x00000007c0000000)
  eden space 314368K, 0% used [0x00000007a0000000,0x00000007a0000000,0x00000007b3300000)
  from space 56320K, 99% used [0x00000007bc900000,0x00000007bfffb4b8,0x00000007c0000000)
  to   space 104960K, 0% used [0x00000007b3300000,0x00000007b3300000,0x00000007b9980000)
 ParOldGen       total 233984K, used 233855K [0x0000000760000000, 0x000000076e480000, 0x00000007a0000000)
  object space 233984K, 99% used [0x0000000760000000,0x000000076e45fde0,0x000000076e480000)
 Metaspace       used 120871K, capacity 127306K, committed 127488K, reserved 1159168K
  class space    used 15702K, capacity 17083K, committed 17152K, reserved 1048576K
}
Event: 397.742 GC heap before
{Heap before GC invocations=31 (full 5):
 PSYoungGen      total 370688K, used 56301K [0x00000007a0000000, 0x00000007c0000000, 0x00000007c0000000)
  eden space 314368K, 0% used [0x00000007a0000000,0x00000007a0000000,0x00000007b3300000)
  from space 56320K, 99% used [0x00000007bc900000,0x00000007bfffb4b8,0x00000007c0000000)
  to   space 104960K, 0% used [0x00000007b3300000,0x00000007b3300000,0x00000007b9980000)
 ParOldGen       total 233984K, used 233855K [0x0000000760000000, 0x000000076e480000, 0x00000007a0000000)
  object space 233984K, 99% used [0x0000000760000000,0x000000076e45fde0,0x000000076e480000)
 Metaspace       used 120871K, capacity 127306K, committed 127488K, reserved 1159168K
  class space    used 15702K, capacity 17083K, committed 17152K, reserved 1048576K
Event: 398.077 GC heap after
Heap after GC invocations=31 (full 5):
 PSYoungGen      total 370688K, used 0K [0x00000007a0000000, 0x00000007c0000000, 0x00000007c0000000)
  eden space 314368K, 0% used [0x00000007a0000000,0x00000007a0000000,0x00000007b3300000)
  from space 56320K, 0% used [0x00000007bc900000,0x00000007bc900000,0x00000007c0000000)
  to   space 104960K, 0% used [0x00000007b3300000,0x00000007b3300000,0x00000007b9980000)
 ParOldGen       total 344576K, used 108111K [0x0000000760000000, 0x0000000775080000, 0x00000007a0000000)
  object space 344576K, 31% used [0x0000000760000000,0x0000000766993ee8,0x0000000775080000)
 Metaspace       used 120722K, capacity 126834K, committed 127488K, reserved 1159168K
  class space    used 15662K, capacity 16974K, committed 17152K, reserved 1048576K
}
Event: 399.730 GC heap before
{Heap before GC invocations=32 (full 5):
 PSYoungGen      total 370688K, used 314368K [0x00000007a0000000, 0x00000007c0000000, 0x00000007c0000000)
  eden space 314368K, 100% used [0x00000007a0000000,0x00000007b3300000,0x00000007b3300000)
  from space 56320K, 0% used [0x00000007bc900000,0x00000007bc900000,0x00000007c0000000)
  to   space 104960K, 0% used [0x00000007b3300000,0x00000007b3300000,0x00000007b9980000)
 ParOldGen       total 344576K, used 108111K [0x0000000760000000, 0x0000000775080000, 0x00000007a0000000)
  object space 344576K, 31% used [0x0000000760000000,0x0000000766993ee8,0x0000000775080000)
 Metaspace       used 129697K, capacity 136468K, committed 136576K, reserved 1167360K
  class space    used 16816K, capacity 18251K, committed 18304K, reserved 1048576K
Event: 399.748 GC heap after
Heap after GC invocations=32 (full 5):
 PSYoungGen      total 419328K, used 19863K [0x00000007a0000000, 0x00000007c0000000, 0x00000007c0000000)
  eden space 314368K, 0% used [0x00000007a0000000,0x00000007a0000000,0x00000007b3300000)
  from space 104960K, 18% used [0x00000007b3300000,0x00000007b4665fe0,0x00000007b9980000)
  to   space 102400K, 0% used [0x00000007b9c00000,0x00000007b9c00000,0x00000007c0000000)
 ParOldGen       total 344576K, used 108111K [0x0000000760000000, 0x0000000775080000, 0x00000007a0000000)
  object space 344576K, 31% used [0x0000000760000000,0x0000000766993ee8,0x0000000775080000)
 Metaspace       used 129697K, capacity 136468K, committed 136576K, reserved 1167360K
  class space    used 16816K, capacity 18251K, committed 18304K, reserved 1048576K
}
Event: 401.011 GC heap before
{Heap before GC invocations=33 (full 5):
 PSYoungGen      total 419328K, used 334231K [0x00000007a0000000, 0x00000007c0000000, 0x00000007c0000000)
  eden space 314368K, 100% used [0x00000007a0000000,0x00000007b3300000,0x00000007b3300000)
  from space 104960K, 18% used [0x00000007b3300000,0x00000007b4665fe0,0x00000007b9980000)
  to   space 102400K, 0% used [0x00000007b9c00000,0x00000007b9c00000,0x00000007c0000000)
 ParOldGen       total 344576K, used 108111K [0x0000000760000000, 0x0000000775080000, 0x00000007a0000000)
  object space 344576K, 31% used [0x0000000760000000,0x0000000766993ee8,0x0000000775080000)
 Metaspace       used 130533K, capacity 137336K, committed 137728K, reserved 1169408K
  class space    used 16854K, capacity 18271K, committed 18432K, reserved 1048576K
Event: 401.020 GC heap after
Heap after GC invocations=33 (full 5):
 PSYoungGen      total 415744K, used 9544K [0x00000007a0000000, 0x00000007bfc80000, 0x00000007c0000000)
  eden space 316928K, 0% used [0x00000007a0000000,0x00000007a0000000,0x00000007b3580000)
  from space 98816K, 9% used [0x00000007b9c00000,0x00000007ba552240,0x00000007bfc80000)
  to   space 101888K, 0% used [0x00000007b3580000,0x00000007b3580000,0x00000007b9900000)
 ParOldGen       total 344576K, used 108119K [0x0000000760000000, 0x0000000775080000, 0x00000007a0000000)
  object space 344576K, 31% used [0x0000000760000000,0x0000000766995ee8,0x0000000775080000)
 Metaspace       used 130533K, capacity 137336K, committed 137728K, reserved 1169408K
  class space    used 16854K, capacity 18271K, committed 18432K, reserved 1048576K
}
Event: 401.754 GC heap before
{Heap before GC invocations=34 (full 5):
 PSYoungGen      total 415744K, used 326472K [0x00000007a0000000, 0x00000007bfc80000, 0x00000007c0000000)
  eden space 316928K, 100% used [0x00000007a0000000,0x00000007b3580000,0x00000007b3580000)
  from space 98816K, 9% used [0x00000007b9c00000,0x00000007ba552240,0x00000007bfc80000)
  to   space 101888K, 0% used [0x00000007b3580000,0x00000007b3580000,0x00000007b9900000)
 ParOldGen       total 344576K, used 108119K [0x0000000760000000, 0x0000000775080000, 0x00000007a0000000)
  object space 344576K, 31% used [0x0000000760000000,0x0000000766995ee8,0x0000000775080000)
 Metaspace       used 130835K, capacity 137700K, committed 137984K, reserved 1169408K
  class space    used 16854K, capacity 18271K, committed 18432K, reserved 1048576K
Event: 401.765 GC heap after
Heap after GC invocations=34 (full 5):
 PSYoungGen      total 418816K, used 17105K [0x00000007a0000000, 0x00000007bfd00000, 0x00000007c0000000)
  eden space 316928K, 0% used [0x00000007a0000000,0x00000007a0000000,0x00000007b3580000)
  from space 101888K, 16% used [0x00000007b3580000,0x00000007b4634588,0x00000007b9900000)
  to   space 98816K, 0% used [0x00000007b9c80000,0x00000007b9c80000,0x00000007bfd00000)
 ParOldGen       total 344576K, used 108127K [0x0000000760000000, 0x0000000775080000, 0x00000007a0000000)
  object space 344576K, 31% used [0x0000000760000000,0x0000000766997ee8,0x0000000775080000)
 Metaspace       used 130835K, capacity 137700K, committed 137984K, reserved 1169408K
  class space    used 16854K, capacity 18271K, committed 18432K, reserved 1048576K
}
Event: 402.435 GC heap before
{Heap before GC invocations=35 (full 5):
 PSYoungGen      total 418816K, used 334033K [0x00000007a0000000, 0x00000007bfd00000, 0x00000007c0000000)
  eden space 316928K, 100% used [0x00000007a0000000,0x00000007b3580000,0x00000007b3580000)
  from space 101888K, 16% used [0x00000007b3580000,0x00000007b4634588,0x00000007b9900000)
  to   space 98816K, 0% used [0x00000007b9c80000,0x00000007b9c80000,0x00000007bfd00000)
 ParOldGen       total 344576K, used 108127K [0x0000000760000000, 0x0000000775080000, 0x00000007a0000000)
  object space 344576K, 31% used [0x0000000760000000,0x0000000766997ee8,0x0000000775080000)
 Metaspace       used 130944K, capacity 137792K, committed 137984K, reserved 1169408K
  class space    used 16855K, capacity 18273K, committed 18432K, reserved 1048576K

